2023-05-05 03:53:36.877 +06:00 [ERR] The instance of entity type 'Category' cannot be tracked because another instance with the same key value for {'Id'} is already being tracked. When attaching existing entities, ensure that only one entity instance with a given key value is attached. Consider using 'DbContextOptionsBuilder.EnableSensitiveDataLogging' to see the conflicting key values.
2023-05-05 03:55:23.784 +06:00 [ERR] The instance of entity type 'Category' cannot be tracked because another instance with the same key value for {'Id'} is already being tracked. When attaching existing entities, ensure that only one entity instance with a given key value is attached. Consider using 'DbContextOptionsBuilder.EnableSensitiveDataLogging' to see the conflicting key values.
2023-05-05 03:57:39.624 +06:00 [ERR] The instance of entity type 'Category' cannot be tracked because another instance with the same key value for {'Id'} is already being tracked. When attaching existing entities, ensure that only one entity instance with a given key value is attached. Consider using 'DbContextOptionsBuilder.EnableSensitiveDataLogging' to see the conflicting key values.
2023-05-05 04:00:24.162 +06:00 [ERR] The instance of entity type 'Category' cannot be tracked because another instance with the same key value for {'Id'} is already being tracked. When attaching existing entities, ensure that only one entity instance with a given key value is attached. Consider using 'DbContextOptionsBuilder.EnableSensitiveDataLogging' to see the conflicting key values.
2023-05-05 04:13:44.054 +06:00 [ERR] Missing type map configuration or unsupported mapping.

Mapping types:
CategoryUpdateModel -> Category
MainServiceAPI.Models.CategoryUpdateModel -> Infrastructure.BusinessObjects.Category
2023-05-05 04:18:35.498 +06:00 [FTL] Host terminated unexpectedly
Microsoft.Extensions.Hosting.HostFactoryResolver+HostingListener+StopTheHostException: Exception of type 'Microsoft.Extensions.Hosting.HostFactoryResolver+HostingListener+StopTheHostException' was thrown.
   at Microsoft.Extensions.Hosting.HostFactoryResolver.HostingListener.OnNext(KeyValuePair`2 value)
   at System.Diagnostics.DiagnosticListener.Write(String name, Object value)
   at Microsoft.Extensions.Hosting.HostBuilder.Build()
   at Microsoft.AspNetCore.Builder.WebApplicationBuilder.Build()
   at Program.<Main>$(String[] args) in E:\CSharp\Advance-CSharp-B-\BlogAppMainService\MainServiceAPI\Program.cs:line 89
2023-05-05 04:19:28.984 +06:00 [FTL] Host terminated unexpectedly
Microsoft.Extensions.Hosting.HostFactoryResolver+HostingListener+StopTheHostException: Exception of type 'Microsoft.Extensions.Hosting.HostFactoryResolver+HostingListener+StopTheHostException' was thrown.
   at Microsoft.Extensions.Hosting.HostFactoryResolver.HostingListener.OnNext(KeyValuePair`2 value)
   at System.Diagnostics.DiagnosticListener.Write(String name, Object value)
   at Microsoft.Extensions.Hosting.HostBuilder.Build()
   at Microsoft.AspNetCore.Builder.WebApplicationBuilder.Build()
   at Program.<Main>$(String[] args) in E:\CSharp\Advance-CSharp-B-\BlogAppMainService\MainServiceAPI\Program.cs:line 89
2023-05-05 04:34:09.835 +06:00 [FTL] Host terminated unexpectedly
Microsoft.Extensions.Hosting.HostFactoryResolver+HostingListener+StopTheHostException: Exception of type 'Microsoft.Extensions.Hosting.HostFactoryResolver+HostingListener+StopTheHostException' was thrown.
   at Microsoft.Extensions.Hosting.HostFactoryResolver.HostingListener.OnNext(KeyValuePair`2 value)
   at System.Diagnostics.DiagnosticListener.Write(String name, Object value)
   at Microsoft.Extensions.Hosting.HostBuilder.Build()
   at Microsoft.AspNetCore.Builder.WebApplicationBuilder.Build()
   at Program.<Main>$(String[] args) in E:\CSharp\Advance-CSharp-B-\BlogAppMainService\MainServiceAPI\Program.cs:line 89
2023-05-05 04:34:51.412 +06:00 [FTL] Host terminated unexpectedly
Microsoft.Extensions.Hosting.HostFactoryResolver+HostingListener+StopTheHostException: Exception of type 'Microsoft.Extensions.Hosting.HostFactoryResolver+HostingListener+StopTheHostException' was thrown.
   at Microsoft.Extensions.Hosting.HostFactoryResolver.HostingListener.OnNext(KeyValuePair`2 value)
   at System.Diagnostics.DiagnosticListener.Write(String name, Object value)
   at Microsoft.Extensions.Hosting.HostBuilder.Build()
   at Microsoft.AspNetCore.Builder.WebApplicationBuilder.Build()
   at Program.<Main>$(String[] args) in E:\CSharp\Advance-CSharp-B-\BlogAppMainService\MainServiceAPI\Program.cs:line 89
2023-05-05 21:55:32.111 +06:00 [ERR] Consultation Name Already Taken
